<?xml version="1.0" encoding="UTF-8"?>
<!-- Generated by org.testng.reporters.JUnitReportReporter -->
<testsuite skipped="1" hostname="DESKTOP-9P5T93S" name="qaAcademy.HomePageAssertTrueTest" tests="1" failures="0" timestamp="2021-08-16T18:48:51 CDT" time="0.000" errors="0">
  <testcase name="homePageNavigation" time="0.000" classname="qaAcademy.HomePageAssertTrueTest">
    <skipped/>
  </testcase> <!-- homePageNavigation -->
  <system-out/>
</testsuite> <!-- qaAcademy.HomePageAssertTrueTest -->
