<?xml version="1.0" encoding="UTF-8"?>
<!-- Generated by org.testng.reporters.JUnitReportReporter -->
<testsuite skipped="1" hostname="DESKTOP-9P5T93S" name="qaAcademy.SearchRoundTripFlightTest" tests="5" failures="0" timestamp="2021-09-02T17:01:45 CDT" time="10.190" errors="0">
  <testcase name="selectCheckBox" time="0.329" classname="qaAcademy.SearchRoundTripFlightTest"/>
  <system-out/>
  <testcase name="selectRndTripRadio" time="0.408" classname="qaAcademy.SearchRoundTripFlightTest"/>
  <system-out/>
  <testcase name="autoSuggestDropdown" time="0.725" classname="qaAcademy.SearchRoundTripFlightTest"/>
  <system-out/>
  <testcase name="selectDropdown" time="8.728" classname="qaAcademy.SearchRoundTripFlightTest"/>
  <system-out/>
  <testcase name="selectDates" classname="qaAcademy.SearchRoundTripFlightTest">
    <skipped/>
  </testcase> <!-- selectDates -->
  <system-out/>
</testsuite> <!-- qaAcademy.SearchRoundTripFlightTest -->
