<?xml version="1.0" encoding="UTF-8"?>
<!-- Generated by org.testng.reporters.JUnitReportReporter -->
<testsuite skipped="2" hostname="DESKTOP-9P5T93S" name="qaAcademy.DataProviderLoginTest" tests="2" failures="0" timestamp="2021-08-16T18:48:51 CDT" time="0.000" errors="0">
  <testcase name="differentUserLogin" time="0.000" classname="qaAcademy.DataProviderLoginTest">
    <skipped/>
  </testcase> <!-- differentUserLogin -->
  <system-out/>
  <testcase name="differentUserLogin" time="0.000" classname="qaAcademy.DataProviderLoginTest">
    <skipped/>
  </testcase> <!-- differentUserLogin -->
  <system-out/>
</testsuite> <!-- qaAcademy.DataProviderLoginTest -->
