<?xml version="1.0" encoding="UTF-8"?>
<!-- Generated by org.testng.reporters.JUnitReportReporter -->
<testsuite skipped="0" hostname="DESKTOP-9P5T93S" name="qaAcademy.SearchRoundTripFlightTest" tests="5" failures="0" timestamp="2021-08-17T16:42:24 CDT" time="8.580" errors="0">
  <testcase name="selectCheckBox" time="0.215" classname="qaAcademy.SearchRoundTripFlightTest"/>
  <system-out/>
  <testcase name="selectRndTripRadio" time="0.349" classname="qaAcademy.SearchRoundTripFlightTest"/>
  <system-out/>
  <testcase name="selectDropdown" time="6.677" classname="qaAcademy.SearchRoundTripFlightTest"/>
  <system-out/>
  <testcase name="selectDates" time="0.304" classname="qaAcademy.SearchRoundTripFlightTest"/>
  <system-out/>
  <testcase name="autoSuggestDropdown" time="1.035" classname="qaAcademy.SearchRoundTripFlightTest"/>
  <system-out/>
</testsuite> <!-- qaAcademy.SearchRoundTripFlightTest -->
