<?xml version="1.0" encoding="UTF-8"?>
<!-- Generated by org.testng.reporters.JUnitReportReporter -->
<testsuite skipped="1" hostname="DESKTOP-9P5T93S" name="qaAcademy.JDBCDataProviderLoginTest" tests="1" failures="0" timestamp="2021-08-24T17:06:36 CDT" time="0.000" errors="0">
  <testcase name="differentUserLogin" time="0.000" classname="qaAcademy.JDBCDataProviderLoginTest">
    <skipped/>
  </testcase> <!-- differentUserLogin -->
  <system-out/>
</testsuite> <!-- qaAcademy.JDBCDataProviderLoginTest -->
