<?xml version="1.0" encoding="UTF-8"?>
<!-- Generated by org.testng.reporters.JUnitReportReporter -->
<testsuite skipped="0" hostname="DESKTOP-9P5T93S" name="qaAcademy.SearchFlightTest" tests="4" failures="0" timestamp="2021-05-05T20:55:46 CDT" time="9.796" errors="0">
  <testcase name="selectRadio" time="0.606" classname="qaAcademy.SearchFlightTest"/>
  <system-out/>
  <testcase name="autoSuggestDropdown" time="0.697" classname="qaAcademy.SearchFlightTest"/>
  <system-out/>
  <testcase name="selectCheckBox" time="0.324" classname="qaAcademy.SearchFlightTest"/>
  <system-out/>
  <testcase name="searchFlight" time="8.169" classname="qaAcademy.SearchFlightTest"/>
  <system-out/>
</testsuite> <!-- qaAcademy.SearchFlightTest -->
