<?xml version="1.0" encoding="UTF-8"?>
<!-- Generated by org.testng.reporters.JUnitReportReporter -->
<testsuite skipped="0" hostname="DESKTOP-9P5T93S" name="qaAcademy.SearchRoundTripFlightTest" tests="5" failures="0" timestamp="2021-08-24T17:14:42 CDT" time="12.193" errors="0">
  <testcase name="selectDropdown" time="9.492" classname="qaAcademy.SearchRoundTripFlightTest"/>
  <system-out/>
  <testcase name="autoSuggestDropdown" time="0.767" classname="qaAcademy.SearchRoundTripFlightTest"/>
  <system-out/>
  <testcase name="selectRndTripRadio" time="0.543" classname="qaAcademy.SearchRoundTripFlightTest"/>
  <system-out/>
  <testcase name="selectDates" time="1.070" classname="qaAcademy.SearchRoundTripFlightTest"/>
  <system-out/>
  <testcase name="selectCheckBox" time="0.321" classname="qaAcademy.SearchRoundTripFlightTest"/>
  <system-out/>
</testsuite> <!-- qaAcademy.SearchRoundTripFlightTest -->
