<?xml version="1.0" encoding="UTF-8"?>
<!-- Generated by org.testng.reporters.JUnitReportReporter -->
<testsuite skipped="0" hostname="DESKTOP-9P5T93S" name="qaAcademy.SearchRoundTripFlightTest" tests="5" failures="0" timestamp="2021-08-24T17:21:34 CDT" time="10.324" errors="0">
  <testcase name="selectDropdown" time="8.294" classname="qaAcademy.SearchRoundTripFlightTest"/>
  <system-out/>
  <testcase name="autoSuggestDropdown" time="0.701" classname="qaAcademy.SearchRoundTripFlightTest"/>
  <system-out/>
  <testcase name="selectDates" time="0.641" classname="qaAcademy.SearchRoundTripFlightTest"/>
  <system-out/>
  <testcase name="selectRndTripRadio" time="0.351" classname="qaAcademy.SearchRoundTripFlightTest"/>
  <system-out/>
  <testcase name="selectCheckBox" time="0.337" classname="qaAcademy.SearchRoundTripFlightTest"/>
  <system-out/>
</testsuite> <!-- qaAcademy.SearchRoundTripFlightTest -->
