<?xml version="1.0" encoding="UTF-8"?>
<!-- Generated by org.testng.reporters.JUnitReportReporter -->
<testsuite skipped="0" hostname="DESKTOP-9P5T93S" name="qaAcademy.SearchRoundTripFlightTest" tests="5" failures="0" timestamp="2021-08-24T17:33:29 CDT" time="10.565" errors="0">
  <testcase name="selectDropdown" time="8.478" classname="qaAcademy.SearchRoundTripFlightTest"/>
  <system-out/>
  <testcase name="selectCheckBox" time="0.355" classname="qaAcademy.SearchRoundTripFlightTest"/>
  <system-out/>
  <testcase name="selectRndTripRadio" time="0.372" classname="qaAcademy.SearchRoundTripFlightTest"/>
  <system-out/>
  <testcase name="selectDates" time="0.619" classname="qaAcademy.SearchRoundTripFlightTest"/>
  <system-out/>
  <testcase name="autoSuggestDropdown" time="0.741" classname="qaAcademy.SearchRoundTripFlightTest"/>
  <system-out/>
</testsuite> <!-- qaAcademy.SearchRoundTripFlightTest -->
