<?xml version="1.0" encoding="UTF-8"?>
<!-- Generated by org.testng.reporters.JUnitReportReporter -->
<testsuite skipped="3" hostname="DESKTOP-9P5T93S" name="phpTravel.OnewayFlightTest" tests="3" failures="0" timestamp="2021-08-16T18:48:51 CDT" time="0.000" errors="0">
  <testcase name="selectRoute" time="0.000" classname="phpTravel.OnewayFlightTest">
    <skipped/>
  </testcase> <!-- selectRoute -->
  <system-out/>
  <testcase name="getFlightPage" time="0.000" classname="phpTravel.OnewayFlightTest">
    <skipped/>
  </testcase> <!-- getFlightPage -->
  <system-out/>
  <testcase name="onewayRadio" time="0.000" classname="phpTravel.OnewayFlightTest">
    <skipped/>
  </testcase> <!-- onewayRadio -->
  <system-out/>
</testsuite> <!-- phpTravel.OnewayFlightTest -->
