<?xml version="1.0" encoding="UTF-8"?>
<!-- Generated by org.testng.reporters.JUnitReportReporter -->
<testsuite skipped="1" hostname="DESKTOP-9P5T93S" name="qaAcademy.PracticePageTest" tests="1" failures="0" timestamp="2021-08-16T18:48:51 CDT" time="0.000" errors="0">
  <testcase name="navigatePractice" time="0.000" classname="qaAcademy.PracticePageTest">
    <skipped/>
  </testcase> <!-- navigatePractice -->
  <system-out/>
</testsuite> <!-- qaAcademy.PracticePageTest -->
